[debug] [2026-07-12T09:28:16.066Z] ----------------------------------------------------------------------
[debug] [2026-07-12T09:28:16.069Z] Command:       /usr/local/bin/node /usr/local/bin/firebase projects:list
[debug] [2026-07-12T09:28:16.070Z] CLI Version:   15.22.2
[debug] [2026-07-12T09:28:16.070Z] Platform:      linux
[debug] [2026-07-12T09:28:16.070Z] Node Version:  v22.23.1
[debug] [2026-07-12T09:28:16.071Z] Detected Agent: unknown
[debug] [2026-07-12T09:28:16.071Z] Time:          Sun Jul 12 2026 09:28:16 GMT+0000 (Coordinated Universal Time)
[debug] [2026-07-12T09:28:16.071Z] ----------------------------------------------------------------------
[debug] 
[debug] [2026-07-12T09:28:16.074Z] >>> [apiv2][query] GET https://firebase-public.firebaseio.com/cli.json [none]
[debug] [2026-07-12T09:28:16.451Z] > command requires scopes: ["email","openid","https://www.googleapis.com/auth/cloudplatformprojects.readonly","https://www.googleapis.com/auth/firebase","https://www.googleapis.com/auth/cloud-platform"]
[debug] [2026-07-12T09:28:16.521Z] Running auto auth
[debug] [2026-07-12T09:28:16.530Z] No OAuth tokens found
[debug] [2026-07-12T09:28:16.531Z] >>> [apiv2][query] GET https://firebase.googleapis.com/v1beta1/projects pageSize=1000
[debug] [2026-07-12T09:28:16.618Z] <<< [apiv2][status] GET https://firebase.googleapis.com/v1beta1/projects 403
[debug] [2026-07-12T09:28:16.619Z] <<< [apiv2][body] GET https://firebase.googleapis.com/v1beta1/projects [omitted]
[debug] [2026-07-12T09:28:16.620Z] Request to https://firebase.googleapis.com/v1beta1/projects?pageSize=1000 had HTTP Error: 403, Firebase Management API has not been used in project 779330618185 before or it is disabled. Enable it by visiting https://console.developers.google.com/apis/api/firebase.googleapis.com/overview?project=779330618185 then retry. If you enabled this API recently, wait a few minutes for the action to propagate to our systems and retry.
[debug] [2026-07-12T09:28:16.622Z] FirebaseError: Request to https://firebase.googleapis.com/v1beta1/projects?pageSize=1000 had HTTP Error: 403, Firebase Management API has not been used in project 779330618185 before or it is disabled. Enable it by visiting https://console.developers.google.com/apis/api/firebase.googleapis.com/overview?project=779330618185 then retry. If you enabled this API recently, wait a few minutes for the action to propagate to our systems and retry.
    at responseToError (/usr/local/lib/node_modules/firebase-tools/lib/responseToError.js:53:12)
    at RetryOperation._fn (/usr/local/lib/node_modules/firebase-tools/lib/apiv2.js:380:77)
    at process.processTicksAndRejections (node:internal/process/task_queues:103:5)
[error] 
[error] Error: Failed to list Firebase projects. See firebase-debug.log for more info.
[debug] [2026-07-12T09:28:16.872Z] <<< [apiv2][status] GET https://firebase-public.firebaseio.com/cli.json 200
